<?xml version="1.0" encoding="UTF-8"?>
<testng-results ignored="0" total="1" passed="1" failed="0" skipped="0">
  <reporter-output>
  </reporter-output>
  <suite started-at="2024-11-25T23:37:45 IST" name="Suite" finished-at="2024-11-25T23:37:57 IST" duration-ms="12615">
    <groups>
      <group name="cucumber">
        <method signature="AbstractTestNGCucumberTests.runScenario(io.cucumber.testng.PickleWrapper,io.cucumber.testng.FeatureWrapper)[pri:0, instance:com.framework.runners.TestRunner@6c4906d3]" name="runScenario" class="io.cucumber.testng.AbstractTestNGCucumberTests"/>
      </group> <!-- cucumber -->
    </groups>
    <test started-at="2024-11-25T23:37:45 IST" name="Cucumber Test Runner" finished-at="2024-11-25T23:37:57 IST" duration-ms="12615">
      <class name="com.framework.runners.TestRunner">
        <test-method is-config="true" signature="setUpClass(org.testng.ITestContext)[pri:0, instance:com.framework.runners.TestRunner@6c4906d3]" started-at="2024-11-25T23:37:45 IST" name="setUpClass" finished-at="2024-11-25T23:37:45 IST" duration-ms="376" status="PASS">
          <params>
            <param index="0">
              <value>
                <![CDATA[org.testng.TestRunner@235d659c]]>
              </value>
            </param>
          </params>
          <reporter-output>
          </reporter-output>
        </test-method> <!-- setUpClass -->
        <test-method signature="runScenario(io.cucumber.testng.PickleWrapper,io.cucumber.testng.FeatureWrapper)[pri:0, instance:com.framework.runners.TestRunner@6c4906d3]" started-at="2024-11-25T23:37:45 IST" name="runScenario" description="Runs Cucumber Scenarios" data-provider="scenarios" finished-at="2024-11-25T23:37:57 IST" duration-ms="11972" status="PASS">
          <params>
            <param index="0">
              <value>
                <![CDATA["Clicking buttons in Challenging DOM"]]>
              </value>
            </param>
            <param index="1">
              <value>
                <![CDATA["Optional[Interact with Challenging DOM elements]"]]>
              </value>
            </param>
          </params>
          <reporter-output>
          </reporter-output>
        </test-method> <!-- runScenario -->
        <test-method is-config="true" signature="tearDownClass()[pri:0, instance:com.framework.runners.TestRunner@6c4906d3]" started-at="2024-11-25T23:37:57 IST" name="tearDownClass" finished-at="2024-11-25T23:37:57 IST" duration-ms="199" status="PASS">
          <reporter-output>
          </reporter-output>
        </test-method> <!-- tearDownClass -->
      </class> <!-- com.framework.runners.TestRunner -->
    </test> <!-- Cucumber Test Runner -->
  </suite> <!-- Suite -->
</testng-results>
